[2025-05-18T04:21:28.468Z] 服务器运行在端口 8100
[2025-05-18T06:06:43.762Z] 服务器运行在端口 8100
[2025-05-18T07:53:36.533Z] 服务器运行在端口 8100
[2025-05-18T08:52:24.475Z] 服务器运行在端口 8100
[2025-05-18T09:38:24.882Z] 服务器运行在端口 8100
[2025-05-18T13:17:22.905Z] 服务器运行在端口 8100
[2025-05-18T15:03:53.536Z] 服务器运行在端口 8100
[2025-05-18T16:53:17.453Z] 服务器运行在端口 8100
[2025-05-18T17:29:18.324Z] 服务器运行在端口 8100
[2025-05-18T19:27:28.932Z] 服务器运行在端口 8100
[2025-05-18T19:27:32.784Z] 新连接至房间: default
[2025-05-18T19:27:33.960Z] 用户 undefined 在房间 undefined 的连接关闭
[2025-05-18T19:31:31.757Z] 新连接至房间: default
[2025-05-18T19:31:33.215Z] 用户 undefined 在房间 undefined 的连接关闭
[2025-05-18T19:37:32.881Z] 定时清理房间 default 的聊天记录，用户列表保持: 
[2025-05-18T19:37:32.882Z] 广播至房间 default: [object Object]
[2025-05-18T19:47:32.982Z] 定时清理房间 default 的聊天记录，用户列表保持: 
[2025-05-18T19:47:32.982Z] 广播至房间 default: [object Object]
[2025-05-18T19:57:33.076Z] 定时清理房间 default 的聊天记录，用户列表保持: 
[2025-05-18T19:57:33.077Z] 广播至房间 default: [object Object]
[2025-05-18T21:28:25.200Z] 服务器运行在端口 8100
[2025-05-18T22:49:41.669Z] 服务器运行在端口 8100
