[2025-05-03T01:37:18.646Z] 服务器运行在端口 8100
[2025-05-03T01:37:19.777Z] 新连接至房间: 9527
[2025-05-03T01:37:33.984Z] 收到消息: {"type":"join","username":"u2219822"}
[2025-05-03T01:37:33.984Z] 用户 u2219822 加入房间 9527, 当前用户列表: u2219822
[2025-05-03T01:37:33.984Z] 广播至房间 9527: [object Object]
[2025-05-03T01:37:33.984Z] 发送 joinSuccess 给 u2219822
[2025-05-03T01:37:39.387Z] 收到消息: {"type":"message","message":"1024"}
[2025-05-03T01:37:39.387Z] 来自 u2219822 在房间 9527 的消息: 1024
[2025-05-03T01:37:39.387Z] 广播至房间 9527: [object Object]
[2025-05-03T01:37:45.748Z] 用户 u2219822 在房间 9527 的连接关闭
[2025-05-03T01:37:45.748Z] 用户 u2219822 离开，更新用户列表: 
[2025-05-03T01:37:45.748Z] 广播至房间 9527: [object Object]
[2025-05-03T01:37:45.748Z] 广播至房间 9527: [object Object]
[2025-05-03T01:37:45.748Z] 房间 9527 销毁
[2025-05-03T05:18:57.835Z] 服务器运行在端口 8100
[2025-05-03T06:36:39.777Z] 服务器运行在端口 8100
[2025-05-03T06:36:42.984Z] 新连接至房间: 9527
[2025-05-03T06:36:57.351Z] 收到消息: {"type":"join","username":"阴阳"}
[2025-05-03T06:36:57.351Z] 用户 阴阳 加入房间 9527, 当前用户列表: 阴阳
[2025-05-03T06:36:57.351Z] 广播至房间 9527: [object Object]
[2025-05-03T06:36:57.352Z] 发送 joinSuccess 给 阴阳
[2025-05-03T06:37:04.659Z] 用户 阴阳 在房间 9527 的连接关闭
[2025-05-03T06:37:04.659Z] 用户 阴阳 离开，更新用户列表: 
[2025-05-03T06:37:04.659Z] 广播至房间 9527: [object Object]
[2025-05-03T06:37:04.659Z] 广播至房间 9527: [object Object]
[2025-05-03T06:37:04.659Z] 房间 9527 销毁
[2025-05-03T06:37:29.272Z] 新连接至房间: 9527
[2025-05-03T06:37:35.360Z] 用户 undefined 在房间 undefined 的连接关闭
[2025-05-03T06:47:29.371Z] 定时清理房间 9527 的聊天记录，用户列表保持: 
[2025-05-03T06:47:29.371Z] 广播至房间 9527: [object Object]
[2025-05-03T06:57:29.471Z] 定时清理房间 9527 的聊天记录，用户列表保持: 
[2025-05-03T06:57:29.471Z] 广播至房间 9527: [object Object]
[2025-05-03T07:07:29.566Z] 定时清理房间 9527 的聊天记录，用户列表保持: 
[2025-05-03T07:07:29.566Z] 广播至房间 9527: [object Object]
[2025-05-03T17:31:39.428Z] 服务器运行在端口 8100
