[2025-05-19T03:39:34.129Z] 服务器运行在端口 8100
[2025-05-19T03:39:42.078Z] 新连接至房间: default
[2025-05-19T03:39:43.048Z] 用户 undefined 在房间 undefined 的连接关闭
[2025-05-19T03:49:42.178Z] 定时清理房间 default 的聊天记录，用户列表保持: 
[2025-05-19T03:49:42.178Z] 广播至房间 default: [object Object]
[2025-05-19T03:59:42.276Z] 广播至房间 default: [object Object]
[2025-05-19T03:59:42.276Z] 定时清理房间 default 的聊天记录，用户列表保持: 
[2025-05-19T04:09:42.376Z] 定时清理房间 default 的聊天记录，用户列表保持: 
[2025-05-19T04:09:42.376Z] 广播至房间 default: [object Object]
[2025-05-19T04:13:44.020Z] 服务器运行在端口 8100
[2025-05-19T04:14:46.898Z] 新连接至房间: default
[2025-05-19T04:14:47.776Z] 用户 undefined 在房间 undefined 的连接关闭
[2025-05-19T04:24:46.996Z] 定时清理房间 default 的聊天记录，用户列表保持: 
[2025-05-19T04:24:46.997Z] 广播至房间 default: [object Object]
[2025-05-19T04:34:47.096Z] 定时清理房间 default 的聊天记录，用户列表保持: 
[2025-05-19T04:34:47.097Z] 广播至房间 default: [object Object]
[2025-05-19T04:44:47.196Z] 定时清理房间 default 的聊天记录，用户列表保持: 
[2025-05-19T04:44:47.196Z] 广播至房间 default: [object Object]
[2025-05-19T06:36:42.809Z] 服务器运行在端口 8100
[2025-05-19T07:34:34.098Z] 服务器运行在端口 8100
[2025-05-19T09:20:17.702Z] 服务器运行在端口 8100
[2025-05-19T09:20:27.889Z] 新连接至房间: default
[2025-05-19T09:21:03.776Z] 用户 undefined 在房间 undefined 的连接关闭
[2025-05-19T09:30:27.990Z] 定时清理房间 default 的聊天记录，用户列表保持: 
[2025-05-19T09:30:27.991Z] 广播至房间 default: [object Object]
[2025-05-19T09:40:28.086Z] 定时清理房间 default 的聊天记录，用户列表保持: 
[2025-05-19T09:40:28.086Z] 广播至房间 default: [object Object]
[2025-05-19T09:50:28.186Z] 定时清理房间 default 的聊天记录，用户列表保持: 
[2025-05-19T09:50:28.187Z] 广播至房间 default: [object Object]
[2025-05-19T10:17:58.301Z] 服务器运行在端口 8100
[2025-05-19T11:37:31.601Z] 服务器运行在端口 8100
[2025-05-19T12:17:39.353Z] 服务器运行在端口 8100
[2025-05-19T13:34:09.440Z] 服务器运行在端口 8100
[2025-05-19T17:19:39.321Z] 服务器运行在端口 8100
[2025-05-19T19:49:31.861Z] 服务器运行在端口 8100
[2025-05-19T20:54:30.356Z] 服务器运行在端口 8100
