[2025-05-11T00:57:05.718Z] 服务器运行在端口 8100
[2025-05-11T03:23:52.916Z] 服务器运行在端口 8100
[2025-05-11T05:08:47.659Z] 服务器运行在端口 8100
[2025-05-11T05:17:11.429Z] 新连接至房间: 9527
[2025-05-11T05:18:51.744Z] 用户 undefined 在房间 undefined 的连接关闭
[2025-05-11T05:27:11.527Z] 定时清理房间 9527 的聊天记录，用户列表保持: 
[2025-05-11T05:27:11.527Z] 广播至房间 9527: [object Object]
[2025-05-11T05:37:11.626Z] 定时清理房间 9527 的聊天记录，用户列表保持: 
[2025-05-11T05:37:11.627Z] 广播至房间 9527: [object Object]
[2025-05-11T05:47:11.726Z] 定时清理房间 9527 的聊天记录，用户列表保持: 
[2025-05-11T05:47:11.727Z] 广播至房间 9527: [object Object]
[2025-05-11T06:08:41.103Z] 服务器运行在端口 8100
[2025-05-11T09:38:25.000Z] 服务器运行在端口 8100
[2025-05-11T10:35:57.008Z] 服务器运行在端口 8100
[2025-05-11T11:56:38.477Z] 服务器运行在端口 8100
[2025-05-11T12:04:23.015Z] 新连接至房间: 9527
[2025-05-11T12:04:26.188Z] 用户 undefined 在房间 undefined 的连接关闭
[2025-05-11T12:14:23.107Z] 定时清理房间 9527 的聊天记录，用户列表保持: 
[2025-05-11T12:14:23.107Z] 广播至房间 9527: [object Object]
[2025-05-11T12:24:23.206Z] 定时清理房间 9527 的聊天记录，用户列表保持: 
[2025-05-11T12:24:23.207Z] 广播至房间 9527: [object Object]
[2025-05-11T12:34:23.306Z] 定时清理房间 9527 的聊天记录，用户列表保持: 
[2025-05-11T12:34:23.307Z] 广播至房间 9527: [object Object]
[2025-05-11T14:29:17.591Z] 服务器运行在端口 8100
[2025-05-11T14:29:18.695Z] 新连接至房间: default
[2025-05-11T14:29:25.099Z] 用户 undefined 在房间 undefined 的连接关闭
[2025-05-11T14:29:25.306Z] 新连接至房间: favicon.ico
[2025-05-11T14:29:26.806Z] 用户 undefined 在房间 undefined 的连接关闭
[2025-05-11T14:39:18.786Z] 定时清理房间 default 的聊天记录，用户列表保持: 
[2025-05-11T14:39:18.787Z] 广播至房间 default: [object Object]
[2025-05-11T14:39:25.306Z] 定时清理房间 favicon.ico 的聊天记录，用户列表保持: 
[2025-05-11T14:39:25.306Z] 广播至房间 favicon.ico: [object Object]
[2025-05-11T14:42:33.341Z] 新连接至房间: 9527
[2025-05-11T14:42:36.918Z] 收到消息: {"type":"join","username":"10430"}
[2025-05-11T14:42:36.918Z] 用户 10430 加入房间 9527, 当前用户列表: 10430
[2025-05-11T14:42:36.918Z] 广播至房间 9527: [object Object]
[2025-05-11T14:42:36.918Z] 发送 joinSuccess 给 10430
[2025-05-11T14:42:39.082Z] 收到消息: {"type":"message","message":"333"}
[2025-05-11T14:42:39.082Z] 来自 10430 在房间 9527 的消息: 333
[2025-05-11T14:42:39.082Z] 广播至房间 9527: [object Object]
[2025-05-11T14:42:41.933Z] 用户 10430 在房间 9527 的连接关闭
[2025-05-11T14:42:41.933Z] 用户 10430 离开，更新用户列表: 
[2025-05-11T14:42:41.933Z] 广播至房间 9527: [object Object]
[2025-05-11T14:42:41.933Z] 广播至房间 9527: [object Object]
[2025-05-11T14:42:41.933Z] 房间 9527 销毁
[2025-05-11T14:49:18.886Z] 定时清理房间 default 的聊天记录，用户列表保持: 
[2025-05-11T14:49:18.887Z] 广播至房间 default: [object Object]
[2025-05-11T14:49:25.308Z] 定时清理房间 favicon.ico 的聊天记录，用户列表保持: 
[2025-05-11T14:49:25.308Z] 广播至房间 favicon.ico: [object Object]
[2025-05-11T14:59:18.986Z] 定时清理房间 default 的聊天记录，用户列表保持: 
[2025-05-11T14:59:18.987Z] 广播至房间 default: [object Object]
[2025-05-11T14:59:25.309Z] 定时清理房间 favicon.ico 的聊天记录，用户列表保持: 
[2025-05-11T14:59:25.310Z] 广播至房间 favicon.ico: [object Object]
[2025-05-11T15:09:19.086Z] 定时清理房间 default 的聊天记录，用户列表保持: 
[2025-05-11T15:09:19.086Z] 广播至房间 default: [object Object]
[2025-05-11T15:09:25.316Z] 定时清理房间 favicon.ico 的聊天记录，用户列表保持: 
[2025-05-11T15:09:25.316Z] 广播至房间 favicon.ico: [object Object]
[2025-05-11T17:28:17.041Z] 服务器运行在端口 8100
[2025-05-11T20:16:12.841Z] 服务器运行在端口 8100
[2025-05-11T22:26:25.395Z] 服务器运行在端口 8100
