[2025-05-12T04:16:34.809Z] 服务器运行在端口 8100
[2025-05-12T06:15:31.532Z] 服务器运行在端口 8100
[2025-05-12T07:32:06.275Z] 服务器运行在端口 8100
[2025-05-12T07:32:08.890Z] 新连接至房间: 9527
[2025-05-12T07:32:37.164Z] 收到消息: {"type":"join","username":"111"}
[2025-05-12T07:32:37.164Z] 用户 111 加入房间 9527, 当前用户列表: 111
[2025-05-12T07:32:37.164Z] 广播至房间 9527: [object Object]
[2025-05-12T07:32:37.165Z] 发送 joinSuccess 给 111
[2025-05-12T07:32:39.763Z] 收到消息: {"type":"message","message":"111"}
[2025-05-12T07:32:39.763Z] 来自 111 在房间 9527 的消息: 111
[2025-05-12T07:32:39.763Z] 广播至房间 9527: [object Object]
[2025-05-12T07:32:45.370Z] 收到消息: {"type":"message","message":"2223"}
[2025-05-12T07:32:45.370Z] 广播至房间 9527: [object Object]
[2025-05-12T07:32:45.370Z] 来自 111 在房间 9527 的消息: 2223
[2025-05-12T07:33:11.228Z] 用户 111 在房间 9527 的连接关闭
[2025-05-12T07:33:11.228Z] 用户 111 离开，更新用户列表: 
[2025-05-12T07:33:11.228Z] 广播至房间 9527: [object Object]
[2025-05-12T07:33:11.228Z] 广播至房间 9527: [object Object]
[2025-05-12T07:33:11.228Z] 房间 9527 销毁
[2025-05-12T09:41:11.873Z] 服务器运行在端口 8100
[2025-05-12T12:35:21.894Z] 服务器运行在端口 8100
[2025-05-12T13:52:53.279Z] 服务器运行在端口 8100
[2025-05-12T16:38:06.740Z] 服务器运行在端口 8100
[2025-05-12T21:27:35.575Z] 服务器运行在端口 8100
