[2025-05-02T00:29:22.066Z] 服务器运行在端口 8100
[2025-05-02T01:20:48.973Z] 服务器运行在端口 8100
[2025-05-02T01:20:50.302Z] 新连接至房间: 9527
[2025-05-02T01:20:55.631Z] 用户 undefined 在房间 undefined 的连接关闭
[2025-05-02T01:30:50.397Z] 定时清理房间 9527 的聊天记录，用户列表保持: 
[2025-05-02T01:30:50.397Z] 广播至房间 9527: [object Object]
[2025-05-02T01:40:50.497Z] 定时清理房间 9527 的聊天记录，用户列表保持: 
[2025-05-02T01:40:50.497Z] 广播至房间 9527: [object Object]
[2025-05-02T01:50:50.597Z] 定时清理房间 9527 的聊天记录，用户列表保持: 
[2025-05-02T01:50:50.597Z] 广播至房间 9527: [object Object]
[2025-05-02T05:36:32.726Z] 服务器运行在端口 8100
[2025-05-02T05:36:34.072Z] 新连接至房间: 9527
[2025-05-02T05:36:43.933Z] 用户 undefined 在房间 undefined 的连接关闭
[2025-05-02T05:46:34.167Z] 定时清理房间 9527 的聊天记录，用户列表保持: 
[2025-05-02T05:46:34.167Z] 广播至房间 9527: [object Object]
[2025-05-02T05:56:34.267Z] 广播至房间 9527: [object Object]
[2025-05-02T05:56:34.267Z] 定时清理房间 9527 的聊天记录，用户列表保持: 
[2025-05-02T06:06:34.367Z] 定时清理房间 9527 的聊天记录，用户列表保持: 
[2025-05-02T06:06:34.367Z] 广播至房间 9527: [object Object]
[2025-05-02T06:16:34.368Z] 定时清理房间 9527 的聊天记录，用户列表保持: 
[2025-05-02T06:16:34.368Z] 广播至房间 9527: [object Object]
[2025-05-02T06:26:34.468Z] 定时清理房间 9527 的聊天记录，用户列表保持: 
[2025-05-02T06:26:34.468Z] 广播至房间 9527: [object Object]
[2025-05-02T06:36:34.568Z] 定时清理房间 9527 的聊天记录，用户列表保持: 
[2025-05-02T06:36:34.568Z] 广播至房间 9527: [object Object]
[2025-05-02T06:46:34.667Z] 定时清理房间 9527 的聊天记录，用户列表保持: 
[2025-05-02T06:46:34.667Z] 广播至房间 9527: [object Object]
[2025-05-02T10:06:45.295Z] 服务器运行在端口 8100
[2025-05-02T10:06:46.614Z] 新连接至房间: 9527
[2025-05-02T10:06:58.073Z] 用户 undefined 在房间 undefined 的连接关闭
[2025-05-02T10:16:46.707Z] 定时清理房间 9527 的聊天记录，用户列表保持: 
[2025-05-02T10:16:46.707Z] 广播至房间 9527: [object Object]
[2025-05-02T10:26:46.807Z] 广播至房间 9527: [object Object]
[2025-05-02T10:26:46.807Z] 定时清理房间 9527 的聊天记录，用户列表保持: 
[2025-05-02T10:36:46.907Z] 定时清理房间 9527 的聊天记录，用户列表保持: 
[2025-05-02T10:36:46.907Z] 广播至房间 9527: [object Object]
[2025-05-02T10:52:34.141Z] 服务器运行在端口 8100
[2025-05-02T10:52:35.104Z] 新连接至房间: 9527
[2025-05-02T10:52:44.255Z] 用户 undefined 在房间 undefined 的连接关闭
[2025-05-02T10:52:44.773Z] 新连接至房间: default
[2025-05-02T10:52:47.877Z] 用户 undefined 在房间 undefined 的连接关闭
[2025-05-02T10:52:52.717Z] 新连接至房间: 9527
[2025-05-02T10:52:59.773Z] 用户 undefined 在房间 undefined 的连接关闭
[2025-05-02T11:02:35.197Z] 定时清理房间 9527 的聊天记录，用户列表保持: 
[2025-05-02T11:02:35.197Z] 广播至房间 9527: [object Object]
[2025-05-02T11:02:44.777Z] 广播至房间 default: [object Object]
[2025-05-02T11:02:44.777Z] 定时清理房间 default 的聊天记录，用户列表保持: 
[2025-05-02T11:12:35.297Z] 定时清理房间 9527 的聊天记录，用户列表保持: 
[2025-05-02T11:12:35.297Z] 广播至房间 9527: [object Object]
[2025-05-02T11:12:44.787Z] 定时清理房间 default 的聊天记录，用户列表保持: 
[2025-05-02T11:12:44.787Z] 广播至房间 default: [object Object]
[2025-05-02T11:22:35.399Z] 定时清理房间 9527 的聊天记录，用户列表保持: 
[2025-05-02T11:22:35.399Z] 广播至房间 9527: [object Object]
[2025-05-02T11:22:44.795Z] 定时清理房间 default 的聊天记录，用户列表保持: 
[2025-05-02T11:22:44.795Z] 广播至房间 default: [object Object]
[2025-05-02T11:30:49.713Z] 新连接至房间: 9527
[2025-05-02T11:30:59.805Z] 收到消息: {"type":"join","username":"TMD"}
[2025-05-02T11:30:59.806Z] 发送 joinSuccess 给 TMD
[2025-05-02T11:30:59.805Z] 用户 TMD 加入房间 9527, 当前用户列表: TMD
[2025-05-02T11:30:59.805Z] 广播至房间 9527: [object Object]
[2025-05-02T11:31:18.941Z] 收到消息: {"type":"message","message":"大家好"}
[2025-05-02T11:31:18.941Z] 来自 TMD 在房间 9527 的消息: 大家好
[2025-05-02T11:31:18.941Z] 广播至房间 9527: [object Object]
[2025-05-02T11:31:26.368Z] 收到消息: {"type":"message","message":"谁在"}
[2025-05-02T11:31:26.368Z] 来自 TMD 在房间 9527 的消息: 谁在
[2025-05-02T11:31:26.368Z] 广播至房间 9527: [object Object]
[2025-05-02T11:32:02.016Z] 用户 TMD 在房间 9527 的连接关闭
[2025-05-02T11:32:02.016Z] 用户 TMD 离开，更新用户列表: 
[2025-05-02T11:32:02.016Z] 广播至房间 9527: [object Object]
[2025-05-02T11:32:02.016Z] 广播至房间 9527: [object Object]
[2025-05-02T11:32:02.016Z] 房间 9527 销毁
[2025-05-02T11:32:44.797Z] 定时清理房间 default 的聊天记录，用户列表保持: 
[2025-05-02T11:32:44.797Z] 广播至房间 default: [object Object]
[2025-05-02T11:42:44.897Z] 定时清理房间 default 的聊天记录，用户列表保持: 
[2025-05-02T11:42:44.897Z] 广播至房间 default: [object Object]
[2025-05-02T11:52:44.997Z] 定时清理房间 default 的聊天记录，用户列表保持: 
[2025-05-02T11:52:44.997Z] 广播至房间 default: [object Object]
[2025-05-02T13:55:20.187Z] 服务器运行在端口 8100
[2025-05-02T15:56:35.121Z] 服务器运行在端口 8100
[2025-05-02T15:56:36.270Z] 新连接至房间: 9527
[2025-05-02T15:58:16.337Z] 用户 undefined 在房间 undefined 的连接关闭
[2025-05-02T16:06:36.367Z] 定时清理房间 9527 的聊天记录，用户列表保持: 
[2025-05-02T16:06:36.367Z] 广播至房间 9527: [object Object]
[2025-05-02T16:09:48.040Z] 新连接至房间: 9527
[2025-05-02T16:10:04.562Z] 用户 大爷 加入房间 9527, 当前用户列表: 大爷
[2025-05-02T16:10:04.562Z] 收到消息: {"type":"join","username":"大爷"}
[2025-05-02T16:10:04.562Z] 广播至房间 9527: [object Object]
[2025-05-02T16:10:04.562Z] 发送 joinSuccess 给 大爷
[2025-05-02T16:10:07.698Z] 收到消息: {"type":"message","message":"人呢"}
[2025-05-02T16:10:07.698Z] 来自 大爷 在房间 9527 的消息: 人呢
[2025-05-02T16:10:07.698Z] 广播至房间 9527: [object Object]
[2025-05-02T16:10:21.611Z] 用户 大爷 在房间 9527 的连接关闭
[2025-05-02T16:10:21.611Z] 用户 大爷 离开，更新用户列表: 
[2025-05-02T16:10:21.611Z] 广播至房间 9527: [object Object]
[2025-05-02T16:10:21.611Z] 广播至房间 9527: [object Object]
[2025-05-02T16:10:21.611Z] 房间 9527 销毁
[2025-05-02T17:14:58.220Z] 服务器运行在端口 8100
