[2025-05-13T02:46:40.083Z] 服务器运行在端口 8100
[2025-05-13T05:50:38.445Z] 服务器运行在端口 8100
[2025-05-13T07:25:43.443Z] 服务器运行在端口 8100
[2025-05-13T09:31:51.631Z] 服务器运行在端口 8100
[2025-05-13T09:31:53.734Z] 新连接至房间: default
[2025-05-13T09:31:56.695Z] 新连接至房间: default
[2025-05-13T09:31:59.025Z] 用户 undefined 在房间 undefined 的连接关闭
[2025-05-13T09:32:02.770Z] 用户 undefined 在房间 undefined 的连接关闭
[2025-05-13T09:41:53.827Z] 定时清理房间 default 的聊天记录，用户列表保持: 
[2025-05-13T09:41:53.827Z] 广播至房间 default: [object Object]
[2025-05-13T09:51:53.926Z] 定时清理房间 default 的聊天记录，用户列表保持: 
[2025-05-13T09:51:53.927Z] 广播至房间 default: [object Object]
[2025-05-13T10:01:54.026Z] 定时清理房间 default 的聊天记录，用户列表保持: 
[2025-05-13T10:01:54.026Z] 广播至房间 default: [object Object]
[2025-05-13T10:50:48.380Z] 服务器运行在端口 8100
[2025-05-13T12:40:24.737Z] 服务器运行在端口 8100
[2025-05-13T14:16:45.574Z] 服务器运行在端口 8100
[2025-05-13T16:23:27.445Z] 服务器运行在端口 8100
[2025-05-13T17:46:53.934Z] 服务器运行在端口 8100
[2025-05-13T18:51:59.631Z] 服务器运行在端口 8100
[2025-05-13T19:54:16.826Z] 服务器运行在端口 8100
[2025-05-13T21:12:12.396Z] 服务器运行在端口 8100
