[2025-05-20T03:20:10.387Z] 服务器运行在端口 8100
[2025-05-20T03:20:14.190Z] 新连接至房间: default
[2025-05-20T03:20:15.474Z] 用户 undefined 在房间 undefined 的连接关闭
[2025-05-20T03:30:14.287Z] 定时清理房间 default 的聊天记录，用户列表保持: 
[2025-05-20T03:30:14.287Z] 广播至房间 default: [object Object]
[2025-05-20T03:40:14.386Z] 定时清理房间 default 的聊天记录，用户列表保持: 
[2025-05-20T03:40:14.386Z] 广播至房间 default: [object Object]
[2025-05-20T03:50:14.486Z] 定时清理房间 default 的聊天记录，用户列表保持: 
[2025-05-20T03:50:14.486Z] 广播至房间 default: [object Object]
[2025-05-20T04:23:39.158Z] 服务器运行在端口 8100
[2025-05-20T04:54:41.525Z] 服务器运行在端口 8100
[2025-05-20T09:02:12.917Z] 服务器运行在端口 8100
[2025-05-20T10:46:01.899Z] 服务器运行在端口 8100
[2025-05-20T16:26:13.274Z] 服务器运行在端口 8100
[2025-05-20T18:36:23.765Z] 服务器运行在端口 8100
[2025-05-20T19:42:37.282Z] 服务器运行在端口 8100
[2025-05-20T19:42:37.357Z] 新连接至房间: default
[2025-05-20T19:42:37.642Z] 收到消息: ["REQ","GlobalFeedf051",{"limit":500,"until":1747770157}]
[2025-05-20T19:43:37.643Z] 用户 undefined 在房间 undefined 的连接关闭
[2025-05-20T19:52:37.457Z] 定时清理房间 default 的聊天记录，用户列表保持: 
[2025-05-20T19:52:37.457Z] 广播至房间 default: [object Object]
[2025-05-20T20:02:37.556Z] 定时清理房间 default 的聊天记录，用户列表保持: 
[2025-05-20T20:02:37.556Z] 广播至房间 default: [object Object]
[2025-05-20T20:12:37.656Z] 定时清理房间 default 的聊天记录，用户列表保持: 
[2025-05-20T20:12:37.656Z] 广播至房间 default: [object Object]
[2025-05-20T21:32:33.915Z] 服务器运行在端口 8100
