[2025-04-30T02:00:11.489Z] 服务器运行在端口 8100
[2025-04-30T02:00:47.843Z] 服务器运行在端口 8100
[2025-04-30T02:00:49.373Z] 新连接至房间: default
[2025-04-30T02:00:55.480Z] 新连接至房间: default
[2025-04-30T02:00:58.525Z] 收到消息: {"type":"join","username":"user"}
[2025-04-30T02:00:58.525Z] 用户 user 加入房间 default, 当前用户列表: user
[2025-04-30T02:00:58.525Z] 广播至房间 default: [object Object]
[2025-04-30T02:00:58.526Z] 发送 joinSuccess 给 user
[2025-04-30T02:01:05.415Z] 收到消息: {"type":"join","username":"admin"}
[2025-04-30T02:01:05.416Z] 用户 admin 加入房间 default, 当前用户列表: user,admin
[2025-04-30T02:01:05.416Z] 广播至房间 default: [object Object]
[2025-04-30T02:01:05.416Z] 发送 joinSuccess 给 admin
[2025-04-30T02:01:11.134Z] 来自 admin 在房间 default 的消息: 大家好
[2025-04-30T02:01:11.133Z] 收到消息: {"type":"message","message":"大家好"}
[2025-04-30T02:01:11.134Z] 广播至房间 default: [object Object]
[2025-04-30T02:01:16.803Z] 收到消息: {"type":"message","message":"你是"}
[2025-04-30T02:01:16.803Z] 来自 user 在房间 default 的消息: 你是
[2025-04-30T02:01:16.803Z] 广播至房间 default: [object Object]
[2025-04-30T02:01:27.441Z] 收到消息: {"type":"message","message":"我是管理员"}
[2025-04-30T02:01:27.441Z] 来自 admin 在房间 default 的消息: 我是管理员
[2025-04-30T02:01:27.441Z] 广播至房间 default: [object Object]
[2025-04-30T02:02:16.804Z] 用户 user 在房间 default 的连接关闭
[2025-04-30T02:02:16.804Z] 用户 user 离开，更新用户列表: admin
[2025-04-30T02:02:16.804Z] 广播至房间 default: [object Object]
[2025-04-30T02:02:16.804Z] 广播至房间 default: [object Object]
[2025-04-30T02:02:27.441Z] 用户 admin 离开，更新用户列表: 
[2025-04-30T02:02:27.441Z] 广播至房间 default: [object Object]
[2025-04-30T02:02:27.441Z] 用户 admin 在房间 default 的连接关闭
[2025-04-30T02:02:27.441Z] 广播至房间 default: [object Object]
[2025-04-30T02:02:27.441Z] 房间 default 销毁
[2025-04-30T02:10:21.692Z] 新连接至房间: 9527
[2025-04-30T02:10:28.626Z] 收到消息: {"type":"join","username":"看看"}
[2025-04-30T02:10:28.626Z] 用户 看看 加入房间 9527, 当前用户列表: 看看
[2025-04-30T02:10:28.626Z] 广播至房间 9527: [object Object]
[2025-04-30T02:10:28.627Z] 发送 joinSuccess 给 看看
[2025-04-30T02:10:46.903Z] 收到消息: {"type":"message","message":"没有人吗"}
[2025-04-30T02:10:46.903Z] 来自 看看 在房间 9527 的消息: 没有人吗
[2025-04-30T02:10:46.903Z] 广播至房间 9527: [object Object]
[2025-04-30T02:11:18.368Z] 用户 看看 在房间 9527 的连接关闭
[2025-04-30T02:11:18.368Z] 广播至房间 9527: [object Object]
[2025-04-30T02:11:18.368Z] 用户 看看 离开，更新用户列表: 
[2025-04-30T02:11:18.368Z] 广播至房间 9527: [object Object]
[2025-04-30T02:11:18.368Z] 房间 9527 销毁
[2025-04-30T03:01:42.349Z] 服务器运行在端口 8100
[2025-04-30T03:46:45.323Z] 服务器运行在端口 8100
[2025-04-30T03:46:46.169Z] 新连接至房间: default
[2025-04-30T03:46:50.693Z] 用户 undefined 在房间 undefined 的连接关闭
[2025-04-30T03:46:51.158Z] 新连接至房间: 9527
[2025-04-30T03:47:01.598Z] 用户 来看看 加入房间 9527, 当前用户列表: 来看看
[2025-04-30T03:47:01.597Z] 收到消息: {"type":"join","username":"来看看"}
[2025-04-30T03:47:01.598Z] 广播至房间 9527: [object Object]
[2025-04-30T03:47:01.598Z] 发送 joinSuccess 给 来看看
[2025-04-30T03:47:40.084Z] 新连接至房间: default
[2025-04-30T03:47:40.555Z] 用户 来看看 在房间 9527 的连接关闭
[2025-04-30T03:47:40.555Z] 用户 来看看 离开，更新用户列表: 
[2025-04-30T03:47:40.555Z] 广播至房间 9527: [object Object]
[2025-04-30T03:47:40.555Z] 广播至房间 9527: [object Object]
[2025-04-30T03:47:40.555Z] 房间 9527 销毁
[2025-04-30T03:47:42.209Z] 用户 undefined 在房间 undefined 的连接关闭
[2025-04-30T03:56:46.267Z] 定时清理房间 default 的聊天记录，用户列表保持: 
[2025-04-30T03:56:46.267Z] 广播至房间 default: [object Object]
[2025-04-30T04:06:46.367Z] 定时清理房间 default 的聊天记录，用户列表保持: 
[2025-04-30T04:06:46.367Z] 广播至房间 default: [object Object]
[2025-04-30T04:16:46.467Z] 定时清理房间 default 的聊天记录，用户列表保持: 
[2025-04-30T04:16:46.467Z] 广播至房间 default: [object Object]
[2025-04-30T04:45:14.530Z] 服务器运行在端口 8100
[2025-04-30T05:49:41.478Z] 服务器运行在端口 8100
[2025-04-30T05:50:33.016Z] 新连接至房间: default
[2025-04-30T05:50:38.866Z] 用户 undefined 在房间 undefined 的连接关闭
[2025-04-30T06:00:33.107Z] 定时清理房间 default 的聊天记录，用户列表保持: 
[2025-04-30T06:00:33.107Z] 广播至房间 default: [object Object]
[2025-04-30T06:10:33.207Z] 定时清理房间 default 的聊天记录，用户列表保持: 
[2025-04-30T06:10:33.207Z] 广播至房间 default: [object Object]
[2025-04-30T06:20:33.307Z] 定时清理房间 default 的聊天记录，用户列表保持: 
[2025-04-30T06:20:33.307Z] 广播至房间 default: [object Object]
[2025-04-30T06:23:29.668Z] 服务器运行在端口 8100
[2025-04-30T07:14:42.310Z] 服务器运行在端口 8100
[2025-04-30T08:53:27.593Z] 服务器运行在端口 8100
[2025-04-30T09:14:25.201Z] 新连接至房间: 9527
[2025-04-30T09:14:37.219Z] 用户 undefined 在房间 undefined 的连接关闭
[2025-04-30T09:24:25.297Z] 定时清理房间 9527 的聊天记录，用户列表保持: 
[2025-04-30T09:24:25.297Z] 广播至房间 9527: [object Object]
[2025-04-30T09:34:25.397Z] 定时清理房间 9527 的聊天记录，用户列表保持: 
[2025-04-30T09:34:25.397Z] 广播至房间 9527: [object Object]
[2025-04-30T09:40:11.929Z] 新连接至房间: 9527
[2025-04-30T09:40:21.674Z] 用户 undefined 在房间 undefined 的连接关闭
[2025-04-30T09:40:30.752Z] 新连接至房间: 9527
[2025-04-30T09:40:38.952Z] 收到消息: {"type":"join","username":"2"}
[2025-04-30T09:40:38.952Z] 用户 2 加入房间 9527, 当前用户列表: 2
[2025-04-30T09:40:38.952Z] 广播至房间 9527: [object Object]
[2025-04-30T09:40:38.953Z] 发送 joinSuccess 给 2
[2025-04-30T09:40:45.471Z] 收到消息: {"type":"message","message":"一"}
[2025-04-30T09:40:45.472Z] 来自 2 在房间 9527 的消息: 一
[2025-04-30T09:40:45.472Z] 广播至房间 9527: [object Object]
[2025-04-30T09:41:03.015Z] 用户 2 在房间 9527 的连接关闭
[2025-04-30T09:41:03.015Z] 用户 2 离开，更新用户列表: 
[2025-04-30T09:41:03.015Z] 广播至房间 9527: [object Object]
[2025-04-30T09:41:03.015Z] 广播至房间 9527: [object Object]
[2025-04-30T09:41:03.015Z] 房间 9527 销毁
[2025-04-30T09:41:35.677Z] 新连接至房间: default
[2025-04-30T09:41:36.549Z] 用户 undefined 在房间 undefined 的连接关闭
[2025-04-30T09:51:35.777Z] 定时清理房间 default 的聊天记录，用户列表保持: 
[2025-04-30T09:51:35.777Z] 广播至房间 default: [object Object]
[2025-04-30T10:01:35.877Z] 广播至房间 default: [object Object]
[2025-04-30T10:01:35.877Z] 定时清理房间 default 的聊天记录，用户列表保持: 
[2025-04-30T10:11:35.977Z] 定时清理房间 default 的聊天记录，用户列表保持: 
[2025-04-30T10:11:35.977Z] 广播至房间 default: [object Object]
[2025-04-30T11:39:27.049Z] 服务器运行在端口 8100
[2025-04-30T13:55:41.653Z] 服务器运行在端口 8100
[2025-04-30T14:09:19.897Z] 新连接至房间: 9527
[2025-04-30T14:09:28.829Z] 收到消息: {"type":"join","username":"root"}
[2025-04-30T14:09:28.829Z] 用户 root 加入房间 9527, 当前用户列表: root
[2025-04-30T14:09:28.829Z] 广播至房间 9527: [object Object]
[2025-04-30T14:09:28.830Z] 发送 joinSuccess 给 root
[2025-04-30T14:09:40.887Z] 收到消息: {"type":"message","message":"有人吗"}
[2025-04-30T14:09:40.887Z] 来自 root 在房间 9527 的消息: 有人吗
[2025-04-30T14:09:40.887Z] 广播至房间 9527: [object Object]
[2025-04-30T14:09:57.346Z] 用户 root 在房间 9527 的连接关闭
[2025-04-30T14:09:57.346Z] 用户 root 离开，更新用户列表: 
[2025-04-30T14:09:57.346Z] 广播至房间 9527: [object Object]
[2025-04-30T14:09:57.346Z] 广播至房间 9527: [object Object]
[2025-04-30T14:09:57.346Z] 房间 9527 销毁
[2025-04-30T14:53:46.698Z] 服务器运行在端口 8100
[2025-04-30T16:16:42.326Z] 服务器运行在端口 8100
[2025-04-30T16:16:54.507Z] 新连接至房间: default
[2025-04-30T16:16:56.361Z] 用户 undefined 在房间 undefined 的连接关闭
[2025-04-30T16:26:54.607Z] 定时清理房间 default 的聊天记录，用户列表保持: 
[2025-04-30T16:26:54.607Z] 广播至房间 default: [object Object]
[2025-04-30T16:36:54.707Z] 定时清理房间 default 的聊天记录，用户列表保持: 
[2025-04-30T16:36:54.707Z] 广播至房间 default: [object Object]
[2025-04-30T16:46:54.807Z] 定时清理房间 default 的聊天记录，用户列表保持: 
[2025-04-30T16:46:54.807Z] 广播至房间 default: [object Object]
[2025-04-30T18:07:09.939Z] 服务器运行在端口 8100
[2025-04-30T20:58:19.368Z] 服务器运行在端口 8100
[2025-04-30T22:55:59.720Z] 服务器运行在端口 8100
[2025-04-30T23:00:57.169Z] 新连接至房间: default
[2025-04-30T23:02:37.233Z] 用户 undefined 在房间 undefined 的连接关闭
[2025-04-30T23:10:57.267Z] 定时清理房间 default 的聊天记录，用户列表保持: 
[2025-04-30T23:10:57.267Z] 广播至房间 default: [object Object]
[2025-04-30T23:20:57.367Z] 定时清理房间 default 的聊天记录，用户列表保持: 
[2025-04-30T23:20:57.367Z] 广播至房间 default: [object Object]
[2025-04-30T23:30:57.467Z] 定时清理房间 default 的聊天记录，用户列表保持: 
[2025-04-30T23:30:57.467Z] 广播至房间 default: [object Object]
