[2025-05-01T00:45:57.744Z] 服务器运行在端口 8100
[2025-05-01T03:11:36.290Z] 服务器运行在端口 8100
[2025-05-01T03:11:38.244Z] 新连接至房间: 9527
[2025-05-01T03:13:18.569Z] 用户 undefined 在房间 undefined 的连接关闭
[2025-05-01T03:21:38.337Z] 定时清理房间 9527 的聊天记录，用户列表保持: 
[2025-05-01T03:21:38.337Z] 广播至房间 9527: [object Object]
[2025-05-01T03:24:52.642Z] 新连接至房间: 9527
[2025-05-01T03:24:57.612Z] 收到消息: {"type":"join","username":"9527"}
[2025-05-01T03:24:57.612Z] 用户 9527 加入房间 9527, 当前用户列表: 9527
[2025-05-01T03:24:57.612Z] 广播至房间 9527: [object Object]
[2025-05-01T03:24:57.612Z] 发送 joinSuccess 给 9527
[2025-05-01T03:25:05.222Z] 收到消息: {"type":"message","message":"人生的奔跑，不在于瞬间的爆发，而取决于途中的坚持。"}
[2025-05-01T03:25:05.222Z] 来自 9527 在房间 9527 的消息: 人生的奔跑，不在于瞬间的爆发，而取决于途中的坚持。
[2025-05-01T03:25:05.222Z] 广播至房间 9527: [object Object]
[2025-05-01T03:26:05.222Z] 用户 9527 在房间 9527 的连接关闭
[2025-05-01T03:26:05.222Z] 用户 9527 离开，更新用户列表: 
[2025-05-01T03:26:05.222Z] 广播至房间 9527: [object Object]
[2025-05-01T03:26:05.222Z] 广播至房间 9527: [object Object]
[2025-05-01T03:26:05.222Z] 房间 9527 销毁
[2025-05-01T06:21:09.685Z] 服务器运行在端口 8100
[2025-05-01T07:55:55.451Z] 服务器运行在端口 8100
[2025-05-01T08:37:32.511Z] 服务器运行在端口 8100
[2025-05-01T09:38:36.883Z] 服务器运行在端口 8100
[2025-05-01T16:24:08.504Z] 服务器运行在端口 8100
[2025-05-01T18:38:31.321Z] 服务器运行在端口 8100
