[2025-05-06T03:45:19.477Z] 服务器运行在端口 8100
[2025-05-06T03:45:36.199Z] 新连接至房间: default
[2025-05-06T03:45:36.643Z] 用户 undefined 在房间 undefined 的连接关闭
[2025-05-06T03:55:36.297Z] 定时清理房间 default 的聊天记录，用户列表保持: 
[2025-05-06T03:55:36.297Z] 广播至房间 default: [object Object]
[2025-05-06T04:05:36.396Z] 定时清理房间 default 的聊天记录，用户列表保持: 
[2025-05-06T04:05:36.396Z] 广播至房间 default: [object Object]
[2025-05-06T04:15:36.496Z] 广播至房间 default: [object Object]
[2025-05-06T04:15:36.496Z] 定时清理房间 default 的聊天记录，用户列表保持: 
[2025-05-06T05:51:00.794Z] 服务器运行在端口 8100
[2025-05-06T06:29:36.134Z] 服务器运行在端口 8100
[2025-05-06T07:18:51.749Z] 服务器运行在端口 8100
[2025-05-06T08:29:47.799Z] 服务器运行在端口 8100
[2025-05-06T10:02:04.847Z] 服务器运行在端口 8100
[2025-05-06T10:45:38.166Z] 服务器运行在端口 8100
[2025-05-06T13:42:50.597Z] 服务器运行在端口 8100
[2025-05-06T16:22:07.337Z] 服务器运行在端口 8100
[2025-05-06T18:02:25.837Z] 服务器运行在端口 8100
[2025-05-06T20:54:06.929Z] 服务器运行在端口 8100
[2025-05-06T22:50:37.174Z] 服务器运行在端口 8100
