[2025-05-05T05:01:06.458Z] 服务器运行在端口 8100
[2025-05-05T08:03:05.038Z] 服务器运行在端口 8100
[2025-05-05T08:36:04.499Z] 服务器运行在端口 8100
[2025-05-05T13:52:16.111Z] 服务器运行在端口 8100
[2025-05-05T15:36:20.720Z] 服务器运行在端口 8100
[2025-05-05T15:36:25.553Z] 新连接至房间: 9527
[2025-05-05T15:36:40.119Z] 收到消息: {"type":"join","username":"ok"}
[2025-05-05T15:36:40.120Z] 用户 ok 加入房间 9527, 当前用户列表: ok
[2025-05-05T15:36:40.120Z] 广播至房间 9527: [object Object]
[2025-05-05T15:36:40.120Z] 发送 joinSuccess 给 ok
[2025-05-05T15:36:48.661Z] 收到消息: {"type":"message","message":"论坛"}
[2025-05-05T15:36:48.661Z] 来自 ok 在房间 9527 的消息: 论坛
[2025-05-05T15:36:48.661Z] 广播至房间 9527: [object Object]
[2025-05-05T15:36:55.780Z] 用户 ok 离开，更新用户列表: 
[2025-05-05T15:36:55.780Z] 用户 ok 在房间 9527 的连接关闭
[2025-05-05T15:36:55.780Z] 广播至房间 9527: [object Object]
[2025-05-05T15:36:55.781Z] 广播至房间 9527: [object Object]
[2025-05-05T15:36:55.781Z] 房间 9527 销毁
[2025-05-05T17:52:20.942Z] 服务器运行在端口 8100
[2025-05-05T18:33:35.928Z] 服务器运行在端口 8100
