[2025-05-04T02:07:55.776Z] 服务器运行在端口 8100
[2025-05-04T04:00:07.688Z] 服务器运行在端口 8100
[2025-05-04T05:19:37.396Z] 服务器运行在端口 8100
[2025-05-04T06:31:02.397Z] 服务器运行在端口 8100
[2025-05-04T07:15:08.421Z] 服务器运行在端口 8100
[2025-05-04T08:31:52.802Z] 服务器运行在端口 8100
[2025-05-04T10:37:42.655Z] 服务器运行在端口 8100
[2025-05-04T14:36:29.225Z] 服务器运行在端口 8100
[2025-05-04T14:36:31.735Z] 新连接至房间: 9527
[2025-05-04T14:38:11.799Z] 用户 undefined 在房间 undefined 的连接关闭
[2025-05-04T14:46:31.826Z] 定时清理房间 9527 的聊天记录，用户列表保持: 
[2025-05-04T14:46:31.827Z] 广播至房间 9527: [object Object]
[2025-05-04T14:56:31.926Z] 定时清理房间 9527 的聊天记录，用户列表保持: 
[2025-05-04T14:56:31.926Z] 广播至房间 9527: [object Object]
[2025-05-04T15:06:32.027Z] 广播至房间 9527: [object Object]
[2025-05-04T15:06:32.026Z] 定时清理房间 9527 的聊天记录，用户列表保持: 
[2025-05-04T15:07:06.573Z] 新连接至房间: default
[2025-05-04T15:07:15.767Z] 收到消息: {"type":"join","username":"admin"}
[2025-05-04T15:07:15.768Z] 用户 admin 加入房间 default, 当前用户列表: admin
[2025-05-04T15:07:15.768Z] 广播至房间 default: [object Object]
[2025-05-04T15:07:15.768Z] 发送 joinSuccess 给 admin
[2025-05-04T15:07:18.484Z] 收到消息: {"type":"message","message":"0"}
[2025-05-04T15:07:18.484Z] 来自 admin 在房间 default 的消息: 0
[2025-05-04T15:07:18.484Z] 广播至房间 default: [object Object]
[2025-05-04T15:08:18.484Z] 用户 admin 在房间 default 的连接关闭
[2025-05-04T15:08:18.484Z] 用户 admin 离开，更新用户列表: 
[2025-05-04T15:08:18.484Z] 广播至房间 default: [object Object]
[2025-05-04T15:08:18.484Z] 广播至房间 default: [object Object]
[2025-05-04T15:08:18.484Z] 房间 default 销毁
[2025-05-04T15:16:32.126Z] 定时清理房间 9527 的聊天记录，用户列表保持: 
[2025-05-04T15:16:32.126Z] 广播至房间 9527: [object Object]
[2025-05-04T15:26:32.226Z] 定时清理房间 9527 的聊天记录，用户列表保持: 
[2025-05-04T15:26:32.226Z] 广播至房间 9527: [object Object]
[2025-05-04T15:36:32.326Z] 定时清理房间 9527 的聊天记录，用户列表保持: 
[2025-05-04T15:36:32.326Z] 广播至房间 9527: [object Object]
[2025-05-04T16:54:43.634Z] 服务器运行在端口 8100
[2025-05-04T18:23:51.184Z] 服务器运行在端口 8100
[2025-05-04T18:23:52.353Z] 新连接至房间: 9527
[2025-05-04T18:24:05.362Z] 收到消息: {"type":"join","username":"hzzjy4z1"}
[2025-05-04T18:24:05.362Z] 用户 hzzjy4z1 加入房间 9527, 当前用户列表: hzzjy4z1
[2025-05-04T18:24:05.362Z] 广播至房间 9527: [object Object]
[2025-05-04T18:24:05.362Z] 发送 joinSuccess 给 hzzjy4z1
[2025-05-04T18:24:08.520Z] 收到消息: {"type":"message","message":"h ?"}
[2025-05-04T18:24:08.520Z] 广播至房间 9527: [object Object]
[2025-05-04T18:24:08.520Z] 来自 hzzjy4z1 在房间 9527 的消息: h ?
[2025-05-04T18:24:16.502Z] 用户 hzzjy4z1 在房间 9527 的连接关闭
[2025-05-04T18:24:16.502Z] 用户 hzzjy4z1 离开，更新用户列表: 
[2025-05-04T18:24:16.502Z] 广播至房间 9527: [object Object]
[2025-05-04T18:24:16.502Z] 广播至房间 9527: [object Object]
[2025-05-04T18:24:16.502Z] 房间 9527 销毁
[2025-05-04T21:02:20.163Z] 服务器运行在端口 8100
[2025-05-04T21:55:48.708Z] 服务器运行在端口 8100
[2025-05-04T23:46:54.334Z] 服务器运行在端口 8100
