[2025-05-14T01:00:25.618Z] 服务器运行在端口 8100
[2025-05-14T01:00:27.777Z] 新连接至房间: default
[2025-05-14T01:00:33.097Z] 用户 undefined 在房间 undefined 的连接关闭
[2025-05-14T01:10:27.877Z] 定时清理房间 default 的聊天记录，用户列表保持: 
[2025-05-14T01:10:27.877Z] 广播至房间 default: [object Object]
[2025-05-14T01:20:27.976Z] 定时清理房间 default 的聊天记录，用户列表保持: 
[2025-05-14T01:20:27.976Z] 广播至房间 default: [object Object]
[2025-05-14T01:30:28.076Z] 定时清理房间 default 的聊天记录，用户列表保持: 
[2025-05-14T01:30:28.076Z] 广播至房间 default: [object Object]
[2025-05-14T03:14:06.934Z] 服务器运行在端口 8100
[2025-05-14T04:14:44.717Z] 服务器运行在端口 8100
[2025-05-14T06:15:18.264Z] 服务器运行在端口 8100
[2025-05-14T06:15:19.511Z] 新连接至房间: 9527
[2025-05-14T06:15:23.820Z] 用户 undefined 在房间 undefined 的连接关闭
[2025-05-14T06:15:24.355Z] 新连接至房间: default
[2025-05-14T06:15:31.859Z] 收到消息: {"type":"join","username":"feiyu"}
[2025-05-14T06:15:31.859Z] 用户 feiyu 加入房间 default, 当前用户列表: feiyu
[2025-05-14T06:15:31.859Z] 广播至房间 default: [object Object]
[2025-05-14T06:15:31.860Z] 发送 joinSuccess 给 feiyu
[2025-05-14T06:15:38.327Z] 收到消息: {"type":"message","message":"你想表达什么"}
[2025-05-14T06:15:38.327Z] 来自 feiyu 在房间 default 的消息: 你想表达什么
[2025-05-14T06:15:38.327Z] 广播至房间 default: [object Object]
[2025-05-14T06:15:55.794Z] 用户 feiyu 在房间 default 的连接关闭
[2025-05-14T06:15:55.794Z] 用户 feiyu 离开，更新用户列表: 
[2025-05-14T06:15:55.795Z] 广播至房间 default: [object Object]
[2025-05-14T06:15:55.795Z] 广播至房间 default: [object Object]
[2025-05-14T06:15:55.795Z] 房间 default 销毁
[2025-05-14T06:25:19.607Z] 定时清理房间 9527 的聊天记录，用户列表保持: 
[2025-05-14T06:25:19.607Z] 广播至房间 9527: [object Object]
[2025-05-14T06:35:19.706Z] 定时清理房间 9527 的聊天记录，用户列表保持: 
[2025-05-14T06:35:19.706Z] 广播至房间 9527: [object Object]
[2025-05-14T06:45:19.806Z] 定时清理房间 9527 的聊天记录，用户列表保持: 
[2025-05-14T06:45:19.807Z] 广播至房间 9527: [object Object]
[2025-05-14T10:11:51.274Z] 服务器运行在端口 8100
[2025-05-14T15:38:30.172Z] 服务器运行在端口 8100
[2025-05-14T16:51:58.126Z] 服务器运行在端口 8100
[2025-05-14T18:15:41.441Z] 服务器运行在端口 8100
[2025-05-14T20:40:41.804Z] 服务器运行在端口 8100
[2025-05-14T23:47:56.769Z] 服务器运行在端口 8100
